# JRE version: OpenJDK Runtime Environment (21.0.7) (build 21.0.7+-13880790-b1038.58)
# Java VM: OpenJDK 64-Bit Server VM (21.0.7+-13880790-b1038.58, mixed mode, tiered, compressed oops, compressed class ptrs, g1 gc, windows-amd64)
GC Precious Log:
 CardTable entry size: 512
 Card Set container configuration: InlinePtr #cards 4 size 8 Array Of Cards #cards 16 size 48 Howl #buckets 8 coarsen threshold 3686 Howl Bitmap #cards 512 size 80 coarsen threshold 460 Card regions per heap region 1 cards per card region 4096
 CPUs: 8 total, 8 available
 Memory: 7455M
 Large Page Support: Disabled
 NUMA Support: Disabled
 Compressed Oops: Enabled (Zero based)
 Heap Region Size: 2M
 Heap Min Capacity: 8M
 Heap Initial Capacity: 118M
 Heap Max Capacity: 3G
 Pre-touch: Disabled
 Parallel Workers: 8
 Concurrent Workers: 2
 Concurrent Refinement Workers: 8
 Periodic GC: Disabled
Heap:
 garbage-first heap   total 778240K, used 488164K [0x0000000740000000, 0x0000000800000000)
  region size 2048K, 53 young (108544K), 9 survivors (18432K)
 Metaspace       used 136774K, committed 139008K, reserved 1179648K
  class space    used 18985K, committed 20096K, reserved 1048576K
GC Heap History (20 events):
Event: 29.369 GC heap before
{Heap before GC invocations=58 (full 0):
 garbage-first heap   total 178176K, used 156010K [0x0000000740000000, 0x0000000800000000)
  region size 2048K, 25 young (51200K), 3 survivors (6144K)
 Metaspace       used 117989K, committed 120128K, reserved 1179648K
  class space    used 16212K, committed 17280K, reserved 1048576K
}
Event: 29.374 GC heap after
{Heap after GC invocations=59 (full 0):
 garbage-first heap   total 215040K, used 114836K [0x0000000740000000, 0x0000000800000000)
  region size 2048K, 4 young (8192K), 4 survivors (8192K)
 Metaspace       used 117989K, committed 120128K, reserved 1179648K
  class space    used 16212K, committed 17280K, reserved 1048576K
}
Event: 30.354 GC heap before
{Heap before GC invocations=60 (full 0):
 garbage-first heap   total 215040K, used 182420K [0x0000000740000000, 0x0000000800000000)
  region size 2048K, 38 young (77824K), 4 survivors (8192K)
 Metaspace       used 118379K, committed 120512K, reserved 1179648K
  class space    used 16258K, committed 17344K, reserved 1048576K
}
Event: 30.361 GC heap after
{Heap after GC invocations=61 (full 0):
 garbage-first heap   total 215040K, used 118167K [0x0000000740000000, 0x0000000800000000)
  region size 2048K, 4 young (8192K), 4 survivors (8192K)
 Metaspace       used 118379K, committed 120512K, reserved 1179648K
  class space    used 16258K, committed 17344K, reserved 1048576K
}
Event: 31.544 GC heap before
{Heap before GC invocations=61 (full 0):
 garbage-first heap   total 215040K, used 189847K [0x0000000740000000, 0x0000000800000000)
  region size 2048K, 40 young (81920K), 4 survivors (8192K)
 Metaspace       used 122544K, committed 124672K, reserved 1179648K
  class space    used 16796K, committed 17856K, reserved 1048576K
}
Event: 31.553 GC heap after
{Heap after GC invocations=62 (full 0):
 garbage-first heap   total 215040K, used 121481K [0x0000000740000000, 0x0000000800000000)
  region size 2048K, 4 young (8192K), 4 survivors (8192K)
 Metaspace       used 122544K, committed 124672K, reserved 1179648K
  class space    used 16796K, committed 17856K, reserved 1048576K
}
Event: 32.266 GC heap before
{Heap before GC invocations=62 (full 0):
 garbage-first heap   total 215040K, used 191113K [0x0000000740000000, 0x0000000800000000)
  region size 2048K, 38 young (77824K), 4 survivors (8192K)
 Metaspace       used 123495K, committed 125696K, reserved 1179648K
  class space    used 16929K, committed 18048K, reserved 1048576K
}
Event: 32.274 GC heap after
{Heap after GC invocations=63 (full 0):
 garbage-first heap   total 215040K, used 125735K [0x0000000740000000, 0x0000000800000000)
  region size 2048K, 3 young (6144K), 3 survivors (6144K)
 Metaspace       used 123495K, committed 125696K, reserved 1179648K
  class space    used 16929K, committed 18048K, reserved 1048576K
}
Event: 32.787 GC heap before
{Heap before GC invocations=63 (full 0):
 garbage-first heap   total 215040K, used 164647K [0x0000000740000000, 0x0000000800000000)
  region size 2048K, 24 young (49152K), 3 survivors (6144K)
 Metaspace       used 125205K, committed 127424K, reserved 1179648K
  class space    used 17186K, committed 18304K, reserved 1048576K
}
Event: 32.793 GC heap after
{Heap after GC invocations=64 (full 0):
 garbage-first heap   total 215040K, used 129267K [0x0000000740000000, 0x0000000800000000)
  region size 2048K, 3 young (6144K), 3 survivors (6144K)
 Metaspace       used 125205K, committed 127424K, reserved 1179648K
  class space    used 17186K, committed 18304K, reserved 1048576K
}
Event: 33.526 GC heap before
{Heap before GC invocations=65 (full 0):
 garbage-first heap   total 346112K, used 336115K [0x0000000740000000, 0x0000000800000000)
  region size 2048K, 32 young (65536K), 3 survivors (6144K)
 Metaspace       used 127638K, committed 129792K, reserved 1179648K
  class space    used 17542K, committed 18624K, reserved 1048576K
}
Event: 33.538 GC heap after
{Heap after GC invocations=66 (full 0):
 garbage-first heap   total 370688K, used 256543K [0x0000000740000000, 0x0000000800000000)
  region size 2048K, 4 young (8192K), 4 survivors (8192K)
 Metaspace       used 127638K, committed 129792K, reserved 1179648K
  class space    used 17542K, committed 18624K, reserved 1048576K
}
Event: 33.588 GC heap before
{Heap before GC invocations=66 (full 0):
 garbage-first heap   total 378880K, used 375327K [0x0000000740000000, 0x0000000800000000)
  region size 2048K, 24 young (49152K), 4 survivors (8192K)
 Metaspace       used 127790K, committed 129984K, reserved 1179648K
  class space    used 17567K, committed 18688K, reserved 1048576K
}
Event: 33.597 GC heap after
{Heap after GC invocations=67 (full 0):
 garbage-first heap   total 403456K, used 302751K [0x0000000740000000, 0x0000000800000000)
  region size 2048K, 6 young (12288K), 6 survivors (12288K)
 Metaspace       used 127790K, committed 129984K, reserved 1179648K
  class space    used 17567K, committed 18688K, reserved 1048576K
}
Event: 34.350 GC heap before
{Heap before GC invocations=67 (full 0):
 garbage-first heap   total 403456K, used 362143K [0x0000000740000000, 0x0000000800000000)
  region size 2048K, 35 young (71680K), 6 survivors (12288K)
 Metaspace       used 129027K, committed 131264K, reserved 1179648K
  class space    used 17696K, committed 18816K, reserved 1048576K
}
Event: 34.369 GC heap after
{Heap after GC invocations=68 (full 0):
 garbage-first heap   total 403456K, used 320722K [0x0000000740000000, 0x0000000800000000)
  region size 2048K, 5 young (10240K), 5 survivors (10240K)
 Metaspace       used 129027K, committed 131264K, reserved 1179648K
  class space    used 17696K, committed 18816K, reserved 1048576K
}
Event: 34.798 GC heap before
{Heap before GC invocations=69 (full 0):
 garbage-first heap   total 536576K, used 363730K [0x0000000740000000, 0x0000000800000000)
  region size 2048K, 26 young (53248K), 5 survivors (10240K)
 Metaspace       used 129616K, committed 131840K, reserved 1179648K
  class space    used 17770K, committed 18880K, reserved 1048576K
}
Event: 34.814 GC heap after
{Heap after GC invocations=70 (full 0):
 garbage-first heap   total 536576K, used 331044K [0x0000000740000000, 0x0000000800000000)
  region size 2048K, 4 young (8192K), 4 survivors (8192K)
 Metaspace       used 129616K, committed 131840K, reserved 1179648K
  class space    used 17770K, committed 18880K, reserved 1048576K
}
Event: 35.902 GC heap before
{Heap before GC invocations=70 (full 0):
 garbage-first heap   total 536576K, used 464164K [0x0000000740000000, 0x0000000800000000)
  region size 2048K, 66 young (135168K), 4 survivors (8192K)
 Metaspace       used 132954K, committed 135168K, reserved 1179648K
  class space    used 18238K, committed 19328K, reserved 1048576K
}
Event: 35.945 GC heap after
{Heap after GC invocations=71 (full 0):
 garbage-first heap   total 778240K, used 375524K [0x0000000740000000, 0x0000000800000000)
  region size 2048K, 9 young (18432K), 9 survivors (18432K)
 Metaspace       used 132954K, committed 135168K, reserved 1179648K
  class space    used 18238K, committed 19328K, reserved 1048576K
}

